2025-03-30 16:36:37,881 - ComputerGenerator - INFO - Application starting
2025-03-30 16:36:38,572 - CustomDataManager - INFO - Inicializando gestor de datos personalizado
2025-03-30 16:36:38,911 - CustomDataManager - INFO - Inicializando gestor de datos personalizado
2025-03-30 16:36:41,066 - CustomDataManager - INFO - Inicializando gestor de datos personalizado
2025-03-30 16:36:43,543 - CustomDataManager - INFO - Inicializando gestor de datos personalizado
2025-03-30 16:36:44,866 - CustomDataManager - INFO - Inicializando gestor de datos personalizado
2025-03-30 16:36:46,192 - CustomDataManager - INFO - Inicializando gestor de datos personalizado
2025-03-30 16:36:48,435 - CustomDataManager - INFO - Inicializando gestor de datos personalizado
2025-03-30 16:36:50,113 - CustomDataManager - INFO - Inicializando gestor de datos personalizado
2025-03-30 16:36:54,200 - CustomDataManager - INFO - Inicializando gestor de datos personalizado
2025-03-30 16:36:55,446 - CustomDataManager - INFO - Inicializando gestor de datos personalizado
2025-03-30 16:36:56,941 - CustomDataManager - INFO - Inicializando gestor de datos personalizado
2025-03-30 16:36:57,725 - CustomDataManager - INFO - Inicializando gestor de datos personalizado
2025-03-30 16:37:02,709 - CustomDataManager - INFO - Inicializando gestor de datos personalizado
2025-03-30 16:37:04,421 - CustomDataManager - INFO - Inicializando gestor de datos personalizado
2025-03-30 16:37:05,308 - CustomDataManager - INFO - Inicializando gestor de datos personalizado
2025-03-30 16:37:07,012 - CustomDataManager - INFO - Inicializando gestor de datos personalizado
2025-03-30 16:37:12,304 - CustomDataManager - INFO - Inicializando gestor de datos personalizado
2025-03-30 16:37:19,625 - ComputerGenerator - INFO - Application closing
2025-03-30 16:37:53,328 - ComputerGenerator - INFO - Application starting
2025-03-30 16:37:53,446 - CustomDataManager - INFO - Inicializando gestor de datos personalizado
2025-03-30 16:37:53,631 - CustomDataManager - INFO - Inicializando gestor de datos personalizado
2025-03-30 16:37:55,118 - ComputerGenerator - INFO - Application closing
2025-03-30 16:48:42,124 - ComputerGenerator - INFO - Application starting
2025-03-30 16:48:42,241 - CustomDataManager - INFO - Inicializando gestor de datos personalizado
2025-03-30 16:48:42,285 - ComputerGenerator - ERROR - Error in main: 'ComputerGeneratorGUI' object has no attribute 'run'
Traceback (most recent call last):
  File "C:\Users\deskr\OneDrive\Documentos\8 cuatrimestre\IA\Algoritmo-genetico-Compuutadoras-372b78c08d4027c66e27246e69bb6993cee6d009\main.py", line 45, in main
    computer_generator_ui.run()
    ^^^^^^^^^^^^^^^^^^^^^^^^^
AttributeError: 'ComputerGeneratorGUI' object has no attribute 'run'
2025-03-30 16:48:42,289 - ComputerGenerator - INFO - Application closing
2025-03-30 16:49:31,868 - ComputerGenerator - INFO - Application starting
2025-03-30 16:49:31,965 - CustomDataManager - INFO - Inicializando gestor de datos personalizado
2025-03-30 16:49:35,632 - ComputerGenerator - INFO - Application closing
2025-03-30 16:49:51,185 - ComputerGenerator - INFO - Application starting
2025-03-30 16:49:51,296 - CustomDataManager - INFO - Inicializando gestor de datos personalizado
2025-03-30 16:49:51,326 - ComputerGenerator - ERROR - Error in main: 'ComputerGeneratorGUI' object has no attribute 'run'
Traceback (most recent call last):
  File "C:\Users\deskr\OneDrive\Documentos\8 cuatrimestre\IA\Algoritmo-genetico-Compuutadoras-372b78c08d4027c66e27246e69bb6993cee6d009\main.py", line 45, in main
    computer_generator_ui.run()
    ^^^^^^^^^^^^^^^^^^^^^^^^^
AttributeError: 'ComputerGeneratorGUI' object has no attribute 'run'
2025-03-30 16:49:51,329 - ComputerGenerator - INFO - Application closing
2025-03-30 16:50:18,707 - ComputerGenerator - INFO - Application starting
2025-03-30 16:50:18,858 - CustomDataManager - INFO - Inicializando gestor de datos personalizado
2025-03-30 16:50:18,906 - ComputerGenerator - ERROR - Error in main: 'ComputerGeneratorGUI' object has no attribute 'run'
Traceback (most recent call last):
  File "C:\Users\deskr\OneDrive\Documentos\8 cuatrimestre\IA\Algoritmo-genetico-Compuutadoras-372b78c08d4027c66e27246e69bb6993cee6d009\main.py", line 45, in main
    computer_generator_ui.run()
    ^^^^^^^^^^^^^^^^^^^^^^^^^
AttributeError: 'ComputerGeneratorGUI' object has no attribute 'run'
2025-03-30 16:50:18,908 - ComputerGenerator - INFO - Application closing
2025-03-30 16:51:20,278 - ComputerGenerator - INFO - Application starting
2025-03-30 16:51:20,392 - CustomDataManager - INFO - Inicializando gestor de datos personalizado
2025-03-30 16:51:20,625 - CustomDataManager - INFO - Inicializando gestor de datos personalizado
2025-03-30 16:52:35,063 - CustomDataManager - INFO - Inicializando gestor de datos personalizado
2025-03-30 19:46:01,226 - ComputerGenerator - INFO - Application starting
2025-03-30 19:46:01,419 - CustomDataManager - INFO - Inicializando gestor de datos personalizado
2025-03-30 19:46:01,726 - CustomDataManager - INFO - Inicializando gestor de datos personalizado
2025-03-30 19:46:11,492 - ComputerGenerator - INFO - Application closing
2025-03-30 19:55:55,328 - ComputerGenerator - INFO - Application closing
